<?xml version="1.0" encoding="UTF-8"?>
<Site BuildName="(empty)"
	BuildStamp="20250612-1534-Experimental"
	Name="(empty)"
	Generator="ctest-3.31.0"
	CompilerName=""
	CompilerVersion=""
	OSName="Windows"
	Hostname="DESKTOP-NHGN0KG"
	OSRelease=" Professional"
	OSVersion=" (Build 22631)"
	OSPlatform="AMD64"
	Is64Bits="1"
	VendorString="GenuineIntel"
	VendorID="Intel Corporation"
	FamilyID="6"
	ModelID="14"
	ModelName=""
	ProcessorCacheSize="-1"
	NumberOfLogicalCPU="8"
	NumberOfPhysicalCPU="4"
	TotalVirtualMemory="52122"
	TotalPhysicalMemory="49050"
	LogicalProcessorsPerPhysical="2"
	ProcessorClockFrequency="4200"
	>
	<Testing>
		<StartDateTime>Jun 12 15:16 Eastern Daylight Time</StartDateTime>
		<StartTestTime>1749755760</StartTestTime>
		<TestList>
			<Test>./Simulator_Test</Test>
		</TestList>
		<Test Status="passed">
			<Name>Simulator_Test</Name>
			<Path>.</Path>
			<FullName>./Simulator_Test</FullName>
			<FullCommandLine>C:\Users\Mati\Documents\PhysEngineRestructured\build\tests\Simulator_test.exe</FullCommandLine>
			<Results>
				<NamedMeasurement type="numeric/double" name="Execution Time">
					<Value>0.891155</Value>
				</NamedMeasurement>
				<NamedMeasurement type="numeric/double" name="Processors">
					<Value>1</Value>
				</NamedMeasurement>
				<NamedMeasurement type="text/string" name="Completion Status">
					<Value>Completed</Value>
				</NamedMeasurement>
				<NamedMeasurement type="text/string" name="Command Line">
					<Value>C:\Users\Mati\Documents\PhysEngineRestructured\build\tests\Simulator_test.exe</Value>
				</NamedMeasurement>
				<NamedMeasurement type="text/string" name="Environment">
					<Value>#CTEST_RESOURCE_GROUP_COUNT=</Value>
				</NamedMeasurement>
				<Measurement>
					<Value encoding="base64" compression="gzip">eJyVU0tPwzAMvu9X+DgOq2DABYkDAsYBbaCyicM6oawxbUTrVHGyx7+nTWAaA9HOl9Ty93Ilx45IUQalUNQ/gXejS7i9SmaMhpOxsCq506krkSwnz/mW7ylThDGyNS61zqBMlk4VMnmTWHGSaZ0VaOvxgE261ya+bb7eGqsoTXvz610tIP7KcT6EBsQhyblvgJ2q36g3H+xqAQ+FXooiAJBWymhqYgKjHbjqADy83Jd9UaUrhNVmpDbNDr05xLMJ+Fr8mkY3Uo71Cs1E35iMa3Cop8d2MPRPoeSTdoMZfZBek6dOtxVOc6PXHbz+5kH/rJut570qmx+x2Te8827THCnGsuZ6frvNAeEII4OBwoE+UoZtozarpLDYxfl/hW5RAnWi6X6j2AqyXjHGekg8EgW3JWkXOCZI2OdFl+jlfnhHUX0p01wxVMJY0O9gcwxHpZ2tnIW1YDBeRwIrShFUfXCbFFFyANf/jHNdyIZ9djq8gOW2OddF7xNOK3yg====</Value>
				</Measurement>
			</Results>
		</Test>
		<EndDateTime>Jun 12 15:16 Eastern Daylight Time</EndDateTime>
		<EndTestTime>1749755761</EndTestTime>
		<ElapsedMinutes>0</ElapsedMinutes>
	</Testing>
</Site>
