Start testing: Jun 12 15:16 Eastern Daylight Time
----------------------------------------------------------
5/6 Testing: Simulator_Test
5/6 Test: Simulator_Test
Command: "C:/Users/Mati/Documents/PhysEngineRestructured/build/tests/Simulator_test.exe"
Directory: C:/Users/Mati/Documents/PhysEngineRestructured/build
"Simulator_Test" start time: Jun 12 15:16 Eastern Daylight Time
Output:
----------------------------------------------------------
Running main() from C:\Users\Mati\Documents\PhysEngineRestructured\build\_deps\googletest-src\googletest\src\gtest_main.cc
[==========] Running 32 tests from 3 test suites.
[----------] Global test environment set-up.
[----------] 25 tests from SimulatorFixture
[ RUN      ] SimulatorFixture.AddMoverNoArgs
[       OK ] SimulatorFixture.AddMoverNoArgs (0 ms)
[ RUN      ] SimulatorFixture.AddUnknownMoverTypeThrows
[       OK ] SimulatorFixture.AddUnknownMoverTypeThrows (1 ms)
[ RUN      ] SimulatorFixture.AddMoverWithArgs
[       OK ] SimulatorFixture.AddMoverWithArgs (0 ms)
[ RUN      ] SimulatorFixture.AddThenRemoveMover
[       OK ] SimulatorFixture.AddThenRemoveMover (0 ms)
[ RUN      ] SimulatorFixture.AddThreeMoversRemoveFirstThenUpdate
[       OK ] SimulatorFixture.AddThreeMoversRemoveFirstThenUpdate (0 ms)
[ RUN      ] SimulatorFixture.RemoveNonExistantMoverReturnsFalse
[       OK ] SimulatorFixture.RemoveNonExistantMoverReturnsFalse (0 ms)
[ RUN      ] SimulatorFixture.RemoveMoversSomeExist
[       OK ] SimulatorFixture.RemoveMoversSomeExist (0 ms)
[ RUN      ] SimulatorFixture.RemoveMoversNoneExist
[       OK ] SimulatorFixture.RemoveMoversNoneExist (0 ms)
[ RUN      ] SimulatorFixture.ReplaceMoverRawPtrThenUpdate
[       OK ] SimulatorFixture.ReplaceMoverRawPtrThenUpdate (0 ms)
[ RUN      ] SimulatorFixture.ReplaceMoverUniquePtrThenUpdate
[       OK ] SimulatorFixture.ReplaceMoverUniquePtrThenUpdate (0 ms)
[ RUN      ] SimulatorFixture.CreateInteractionRightDefaultArgsCreateMoverCheckDefaultArgsAndUpdate
[       OK ] SimulatorFixture.CreateInteractionRightDefaultArgsCreateMoverCheckDefaultArgsAndUpdate (0 ms)
[ RUN      ] SimulatorFixture.CreateInteractionWrongDefaultArgsThrows
[       OK ] SimulatorFixture.CreateInteractionWrongDefaultArgsThrows (0 ms)
[ RUN      ] SimulatorFixture.CreateEffectRightDefaultArgsCreateMoverCheckDefaultArgsAndUpdate
[       OK ] SimulatorFixture.CreateEffectRightDefaultArgsCreateMoverCheckDefaultArgsAndUpdate (0 ms)
[ RUN      ] SimulatorFixture.CreateEffectWrongDefaultArgsThrows
[       OK ] SimulatorFixture.CreateEffectWrongDefaultArgsThrows (0 ms)
[ RUN      ] SimulatorFixture.CreateGroupWithValidMoversAndUpdate
[       OK ] SimulatorFixture.CreateGroupWithValidMoversAndUpdate (0 ms)
[ RUN      ] SimulatorFixture.CreateGroupWithSomeInvalidIDs
[       OK ] SimulatorFixture.CreateGroupWithSomeInvalidIDs (0 ms)
[ RUN      ] SimulatorFixture.CreateGroupWithRepeatedIDs
[       OK ] SimulatorFixture.CreateGroupWithRepeatedIDs (0 ms)
[ RUN      ] SimulatorFixture.UngroupAndUpdate
[       OK ] SimulatorFixture.UngroupAndUpdate (0 ms)
[ RUN      ] SimulatorFixture.DeleteGroupAndUpdate
[       OK ] SimulatorFixture.DeleteGroupAndUpdate (0 ms)
[ RUN      ] SimulatorFixture.OriginalMoverIsFreedOnGroupCreation
[       OK ] SimulatorFixture.OriginalMoverIsFreedOnGroupCreation (0 ms)
[ RUN      ] SimulatorFixture.FindMoverExistingId
[       OK ] SimulatorFixture.FindMoverExistingId (0 ms)
[ RUN      ] SimulatorFixture.FindMoverNonExistingId
[       OK ] SimulatorFixture.FindMoverNonExistingId (0 ms)
[ RUN      ] SimulatorFixture.FindMoverVariousPositions
[       OK ] SimulatorFixture.FindMoverVariousPositions (0 ms)
[ RUN      ] SimulatorFixture.FindMoverAfterRemovals
[       OK ] SimulatorFixture.FindMoverAfterRemovals (0 ms)
[ RUN      ] SimulatorFixture.FindMoverIdJumps
[       OK ] SimulatorFixture.FindMoverIdJumps (0 ms)
[----------] 25 tests from SimulatorFixture (16 ms total)

[----------] 4 tests from UpdateTestFixture
[ RUN      ] UpdateTestFixture.TwoObjectsGravityAttraction
[       OK ] UpdateTestFixture.TwoObjectsGravityAttraction (2 ms)
[ RUN      ] UpdateTestFixture.SingleUpdateTimeAdvance
[       OK ] UpdateTestFixture.SingleUpdateTimeAdvance (1 ms)
[ RUN      ] UpdateTestFixture.ProjectileMotionAnalyticalComparison
[       OK ] UpdateTestFixture.ProjectileMotionAnalyticalComparison (9 ms)
[ RUN      ] UpdateTestFixture.SimpleHarmonicOscillatorAnalyticalComparison
[       OK ] UpdateTestFixture.SimpleHarmonicOscillatorAnalyticalComparison (844 ms)
[----------] 4 tests from UpdateTestFixture (857 ms total)

[----------] 3 tests from ThreadingTestFixture
[ RUN      ] ThreadingTestFixture.EmptySimulatorThreading
[       OK ] ThreadingTestFixture.EmptySimulatorThreading (2 ms)
[ RUN      ] ThreadingTestFixture.SingleMoverThreading
[       OK ] ThreadingTestFixture.SingleMoverThreading (1 ms)
[ RUN      ] ThreadingTestFixture.ManyMoversThreading
[       OK ] ThreadingTestFixture.ManyMoversThreading (2 ms)
[----------] 3 tests from ThreadingTestFixture (6 ms total)

[----------] Global test environment tear-down
[==========] 32 tests from 3 test suites ran. (880 ms total)
[  PASSED  ] 32 tests.
<end of output>
Test time =   0.89 sec
----------------------------------------------------------
Test Passed.
"Simulator_Test" end time: Jun 12 15:16 Eastern Daylight Time
"Simulator_Test" time elapsed: 00:00:00
----------------------------------------------------------

End testing: Jun 12 15:16 Eastern Daylight Time
